<?xml version="1.0" encoding="UTF-8"?>
<!-- Generated by org.testng.reporters.JUnitReportReporter -->
<testsuite hostname="LTSG000471" failures="0" tests="1" name="handsonTestNG.testNGHANDSON" time="5.600" errors="0" timestamp="2022-09-30T11:45:16 SGT" skipped="0">
  <testcase classname="handsonTestNG.testNGHANDSON" name="f" time="5.600"/>
  <system-out/>
</testsuite> <!-- handsonTestNG.testNGHANDSON -->
